[debug] [2022-02-02T11:41:23.382Z] ----------------------------------------------------------------------
[debug] [2022-02-02T11:41:23.385Z] Command:       /usr/local/bin/node /usr/local/bin/firebase deploy
[debug] [2022-02-02T11:41:23.386Z] CLI Version:   10.1.2
[debug] [2022-02-02T11:41:23.386Z] Platform:      darwin
[debug] [2022-02-02T11:41:23.386Z] Node Version:  v14.18.1
[debug] [2022-02-02T11:41:23.392Z] Time:          Wed Feb 02 2022 12:41:23 GMT+0100 (Central European Standard Time)
[debug] [2022-02-02T11:41:23.392Z] ----------------------------------------------------------------------
[debug] 
[debug] [2022-02-02T11:41:23.396Z] >>> [apiv2][query] GET https://firebase-public.firebaseio.com/cli.json [none]
[debug] [2022-02-02T11:41:23.525Z] > command requires scopes: ["email","openid","https://www.googleapis.com/auth/cloudplatformprojects.readonly","https://www.googleapis.com/auth/firebase","https://www.googleapis.com/auth/cloud-platform"]
[debug] [2022-02-02T11:41:23.525Z] > authorizing via signed-in user (gorm.labenz@googlemail.com)
[debug] [2022-02-02T11:41:23.526Z] [iam] checking project colab-infographic for permissions ["firebase.projects.get","firebasehosting.sites.update"]
[debug] [2022-02-02T11:41:23.528Z] > refreshing access token with scopes: ["email","https://www.googleapis.com/auth/cloud-platform","https://www.googleapis.com/auth/cloudplatformprojects.readonly","https://www.googleapis.com/auth/firebase","openid"]
[debug] [2022-02-02T11:41:23.528Z] >>> HTTP REQUEST POST https://www.googleapis.com/oauth2/v3/token  
 <request body omitted>
[debug] [2022-02-02T11:41:23.919Z] <<< HTTP RESPONSE 200 {"expires":"Mon, 01 Jan 1990 00:00:00 GMT","date":"Wed, 02 Feb 2022 11:41:24 GMT","cache-control":"no-cache, no-store, max-age=0, must-revalidate","pragma":"no-cache","content-type":"application/json; charset=utf-8","vary":"X-Origin, Referer, Origin,Accept-Encoding","server":"scaffolding on HTTPServer2","x-xss-protection":"0","x-frame-options":"SAMEORIGIN","x-content-type-options":"nosniff","alt-svc":"h3=\":443\"; ma=2592000,h3-29=\":443\"; ma=2592000,h3-Q050=\":443\"; ma=2592000,h3-Q046=\":443\"; ma=2592000,h3-Q043=\":443\"; ma=2592000,quic=\":443\"; ma=2592000; v=\"46,43\"","accept-ranges":"none","transfer-encoding":"chunked"}
[debug] [2022-02-02T11:41:23.971Z] >>> HTTP REQUEST POST https://cloudresourcemanager.googleapis.com/v1/projects/colab-infographic:testIamPermissions  
 {"permissions":["firebase.projects.get","firebasehosting.sites.update"]}
[debug] [2022-02-02T11:41:24.112Z] <<< [apiv2][status] GET https://firebase-public.firebaseio.com/cli.json 200
[debug] [2022-02-02T11:41:24.112Z] <<< [apiv2][body] GET https://firebase-public.firebaseio.com/cli.json {"cloudBuildErrorAfter":1594252800000,"cloudBuildWarnAfter":1590019200000,"defaultNode10After":1594252800000,"minVersion":"3.0.5","node8DeploysDisabledAfter":1613390400000,"node8RuntimeDisabledAfter":1615809600000,"node8WarnAfter":1600128000000}
[debug] [2022-02-02T11:41:24.880Z] <<< HTTP RESPONSE 200 {"content-type":"application/json; charset=UTF-8","vary":"X-Origin, Referer, Origin,Accept-Encoding","date":"Wed, 02 Feb 2022 11:41:24 GMT","server":"ESF","cache-control":"private","x-xss-protection":"0","x-frame-options":"SAMEORIGIN","x-content-type-options":"nosniff","server-timing":"gfet4t7; dur=579","alt-svc":"h3=\":443\"; ma=2592000,h3-29=\":443\"; ma=2592000,h3-Q050=\":443\"; ma=2592000,h3-Q046=\":443\"; ma=2592000,h3-Q043=\":443\"; ma=2592000,quic=\":443\"; ma=2592000; v=\"46,43\"","accept-ranges":"none","transfer-encoding":"chunked"}
[debug] [2022-02-02T11:41:24.881Z] > refreshing access token with scopes: []
[debug] [2022-02-02T11:41:24.882Z] >>> HTTP REQUEST POST https://www.googleapis.com/oauth2/v3/token  
 <request body omitted>
[debug] [2022-02-02T11:41:25.035Z] <<< HTTP RESPONSE 200 {"cache-control":"no-cache, no-store, max-age=0, must-revalidate","pragma":"no-cache","expires":"Mon, 01 Jan 1990 00:00:00 GMT","date":"Wed, 02 Feb 2022 11:41:25 GMT","content-type":"application/json; charset=utf-8","vary":"X-Origin, Referer, Origin,Accept-Encoding","server":"scaffolding on HTTPServer2","x-xss-protection":"0","x-frame-options":"SAMEORIGIN","x-content-type-options":"nosniff","alt-svc":"h3=\":443\"; ma=2592000,h3-29=\":443\"; ma=2592000,h3-Q050=\":443\"; ma=2592000,h3-Q046=\":443\"; ma=2592000,h3-Q043=\":443\"; ma=2592000,quic=\":443\"; ma=2592000; v=\"46,43\"","accept-ranges":"none","transfer-encoding":"chunked"}
[debug] [2022-02-02T11:41:25.084Z] >>> [apiv2][query] GET https://firebase.googleapis.com/v1beta1/projects/colab-infographic [none]
[debug] [2022-02-02T11:41:25.488Z] <<< [apiv2][status] GET https://firebase.googleapis.com/v1beta1/projects/colab-infographic 200
[debug] [2022-02-02T11:41:25.489Z] <<< [apiv2][body] GET https://firebase.googleapis.com/v1beta1/projects/colab-infographic {"projectId":"colab-infographic","projectNumber":"745949891072","displayName":"colab-infographic","name":"projects/colab-infographic","resources":{"hostingSite":"colab-infographic"},"state":"ACTIVE"}
[info] 
[info] === Deploying to 'colab-infographic'...
[info] 
[info] i  deploying hosting 
[debug] [2022-02-02T11:41:25.493Z] > refreshing access token with scopes: ["email","https://www.googleapis.com/auth/cloud-platform","https://www.googleapis.com/auth/cloudplatformprojects.readonly","https://www.googleapis.com/auth/firebase","openid"]
[debug] [2022-02-02T11:41:25.494Z] >>> HTTP REQUEST POST https://www.googleapis.com/oauth2/v3/token  
 <request body omitted>
[debug] [2022-02-02T11:41:25.635Z] <<< HTTP RESPONSE 200 {"date":"Wed, 02 Feb 2022 11:41:25 GMT","expires":"Mon, 01 Jan 1990 00:00:00 GMT","cache-control":"no-cache, no-store, max-age=0, must-revalidate","pragma":"no-cache","content-type":"application/json; charset=utf-8","vary":"X-Origin, Referer, Origin,Accept-Encoding","server":"scaffolding on HTTPServer2","x-xss-protection":"0","x-frame-options":"SAMEORIGIN","x-content-type-options":"nosniff","alt-svc":"h3=\":443\"; ma=2592000,h3-29=\":443\"; ma=2592000,h3-Q050=\":443\"; ma=2592000,h3-Q046=\":443\"; ma=2592000,h3-Q043=\":443\"; ma=2592000,quic=\":443\"; ma=2592000; v=\"46,43\"","accept-ranges":"none","transfer-encoding":"chunked"}
[debug] [2022-02-02T11:41:25.684Z] >>> HTTP REQUEST POST https://firebasehosting.googleapis.com/v1beta1/sites/colab-infographic/versions  
 {"config":{},"labels":{"deployment-tool":"cli-firebase"}}
[debug] [2022-02-02T11:41:27.143Z] <<< HTTP RESPONSE 200 {"content-type":"application/json; charset=UTF-8","vary":"X-Origin, Referer, Origin,Accept-Encoding","date":"Wed, 02 Feb 2022 11:41:27 GMT","server":"ESF","cache-control":"private","x-xss-protection":"0","x-frame-options":"SAMEORIGIN","x-content-type-options":"nosniff","alt-svc":"h3=\":443\"; ma=2592000,h3-29=\":443\"; ma=2592000,h3-Q050=\":443\"; ma=2592000,h3-Q046=\":443\"; ma=2592000,h3-Q043=\":443\"; ma=2592000,quic=\":443\"; ma=2592000; v=\"46,43\"","accept-ranges":"none","transfer-encoding":"chunked"}
[info] i  hosting[colab-infographic]: beginning deploy... 
[info] i  hosting[colab-infographic]: found 11 files in dist 
[debug] [2022-02-02T11:41:27.218Z] > refreshing access token with scopes: []
[debug] [2022-02-02T11:41:27.218Z] >>> HTTP REQUEST POST https://www.googleapis.com/oauth2/v3/token  
 <request body omitted>
[debug] [2022-02-02T11:41:27.221Z] [hosting] hash cache [ZGlzdA] stored for 11 files
[debug] [2022-02-02T11:41:27.221Z] [hosting][hash queue][FINAL] {"max":55,"min":10,"avg":16.181818181818183,"active":0,"complete":11,"success":11,"errored":0,"retried":0,"total":11,"elapsed":64}
[debug] [2022-02-02T11:41:27.450Z] <<< HTTP RESPONSE 200 {"date":"Wed, 02 Feb 2022 11:41:27 GMT","pragma":"no-cache","cache-control":"no-cache, no-store, max-age=0, must-revalidate","expires":"Mon, 01 Jan 1990 00:00:00 GMT","content-type":"application/json; charset=utf-8","vary":"X-Origin, Referer, Origin,Accept-Encoding","server":"scaffolding on HTTPServer2","x-xss-protection":"0","x-frame-options":"SAMEORIGIN","x-content-type-options":"nosniff","alt-svc":"h3=\":443\"; ma=2592000,h3-29=\":443\"; ma=2592000,h3-Q050=\":443\"; ma=2592000,h3-Q046=\":443\"; ma=2592000,h3-Q043=\":443\"; ma=2592000,quic=\":443\"; ma=2592000; v=\"46,43\"","accept-ranges":"none","transfer-encoding":"chunked"}
[debug] [2022-02-02T11:41:27.499Z] >>> [apiv2][query] POST https://firebasehosting.googleapis.com/v1beta1/sites/colab-infographic/versions/2eed5362137428ff:populateFiles [none]
[debug] [2022-02-02T11:41:27.499Z] >>> [apiv2][body] POST https://firebasehosting.googleapis.com/v1beta1/sites/colab-infographic/versions/2eed5362137428ff:populateFiles {"files":{"/index.html":"82b4f73fe2d95dd1ae020e85522e9c85d9ab0e431923a3efef7ce8f39bfa647d","/assets/MHeadline.08be5957.js":"d427bdcd05b498b3498544e1b230cd8dad1fd9bd44ccc37b3908bb904a87c502","/assets/MImage.fa720db9.js":"b9c278ee6de24d45c9dd11b95391f2584d62d35b184de4b61fd154148cd60cbc","/favicon.ico":"1e71457865f706dc865b49a54a86e193818220d290b30226b6630a42faf1535d","/assets/MText.16f8fdb9.js":"fcc2d9838fcf12fbacececabfdb356488aa69562ae61348d5c3ce21ea7d58e65","/assets/bubbles_desktop.708ca926.svg":"91de24aad89222a69141e3317dded254b5a633c1cfdae62cec00c67a5106d984","/assets/bubbles_mobile.100e0b81.svg":"470514768ea5e897597ba603187c2f24dfcd96590afbbec136a17cc68ec9c16a","/assets/index.b4f8de13.css":"a68901955b5cdea205dce9074841eb97d6a933c88912182cd5972e6434cbabdb","/assets/vendor.21acc637.js":"edfa7c098719ebf551ee8cb58ebf40d06fb00aa4396c5ca581d47a1943a51644","/assets/index.1f8bef06.js":"ca99fa152d9088ca8e86034bf71f05fe40104ac1944d3076715d42b261ae106e","/assets/infographic_image.dbd12900.png":"c98fea1b1b354825984023ecbf12043bc591069bed40eeafc7260b8e77d5a8a5"}}
[debug] [2022-02-02T11:41:28.634Z] <<< [apiv2][status] POST https://firebasehosting.googleapis.com/v1beta1/sites/colab-infographic/versions/2eed5362137428ff:populateFiles 200
[debug] [2022-02-02T11:41:28.634Z] <<< [apiv2][body] POST https://firebasehosting.googleapis.com/v1beta1/sites/colab-infographic/versions/2eed5362137428ff:populateFiles {"uploadRequiredHashes":["a68901955b5cdea205dce9074841eb97d6a933c88912182cd5972e6434cbabdb","82b4f73fe2d95dd1ae020e85522e9c85d9ab0e431923a3efef7ce8f39bfa647d","ca99fa152d9088ca8e86034bf71f05fe40104ac1944d3076715d42b261ae106e"],"uploadUrl":"https://upload-firebasehosting.googleapis.com/upload/sites/colab-infographic/versions/2eed5362137428ff/files"}
[debug] [2022-02-02T11:41:28.636Z] >>> [apiv2][query] POST https://upload-firebasehosting.googleapis.com/upload/sites/colab-infographic/versions/2eed5362137428ff/files/a68901955b5cdea205dce9074841eb97d6a933c88912182cd5972e6434cbabdb [none]
[debug] [2022-02-02T11:41:28.636Z] >>> [apiv2][body] POST https://upload-firebasehosting.googleapis.com/upload/sites/colab-infographic/versions/2eed5362137428ff/files/a68901955b5cdea205dce9074841eb97d6a933c88912182cd5972e6434cbabdb [stream]
[debug] [2022-02-02T11:41:28.637Z] >>> [apiv2][query] POST https://upload-firebasehosting.googleapis.com/upload/sites/colab-infographic/versions/2eed5362137428ff/files/82b4f73fe2d95dd1ae020e85522e9c85d9ab0e431923a3efef7ce8f39bfa647d [none]
[debug] [2022-02-02T11:41:28.637Z] >>> [apiv2][body] POST https://upload-firebasehosting.googleapis.com/upload/sites/colab-infographic/versions/2eed5362137428ff/files/82b4f73fe2d95dd1ae020e85522e9c85d9ab0e431923a3efef7ce8f39bfa647d [stream]
[debug] [2022-02-02T11:41:28.639Z] >>> [apiv2][query] POST https://upload-firebasehosting.googleapis.com/upload/sites/colab-infographic/versions/2eed5362137428ff/files/ca99fa152d9088ca8e86034bf71f05fe40104ac1944d3076715d42b261ae106e [none]
[debug] [2022-02-02T11:41:28.639Z] >>> [apiv2][body] POST https://upload-firebasehosting.googleapis.com/upload/sites/colab-infographic/versions/2eed5362137428ff/files/ca99fa152d9088ca8e86034bf71f05fe40104ac1944d3076715d42b261ae106e [stream]
[debug] [2022-02-02T11:41:28.640Z] [hosting][populate queue][FINAL] {"max":1418,"min":1418,"avg":1418,"active":0,"complete":1,"success":1,"errored":0,"retried":0,"total":1,"elapsed":1423}
[debug] [2022-02-02T11:41:28.640Z] [hosting] uploads queued: 3
